app/build/outputs/logs/manifest-merger-release-report.txt
-- Merging decision tree log ---
manifest
ADDED from AndroidManifest.xml:2:1
	package
		ADDED from AndroidManifest.xml:3:5
		INJECTED from AndroidManifest.xml:0:0
		INJECTED from AndroidManifest.xml:0:0
	android:versionName
		INJECTED from AndroidManifest.xml:0:0
		INJECTED from AndroidManifest.xml:0:0
	xmlns:android
		ADDED from AndroidManifest.xml:2:11
	android:versionCode
		INJECTED from AndroidManifest.xml:0:0
		INJECTED from AndroidManifest.xml:0:0
uses-sdk
ADDED from AndroidManifest.xml:5:5
MERGED from com.android.support:support-v4:21.0.3:15:5
	android:targetSdkVersion
		ADDED from AndroidManifest.xml:7:9
		INJECTED from AndroidManifest.xml:0:0
		INJECTED from AndroidManifest.xml:0:0
	android:minSdkVersion
		ADDED from AndroidManifest.xml:6:9
		INJECTED from AndroidManifest.xml:0:0
		INJECTED from AndroidManifest.xml:0:0
uses-permission#android.permission.READ_PHONE_STATE
ADDED from AndroidManifest.xml:9:5
	android:name
		ADDED from AndroidManifest.xml:9:22
uses-permission#android.permission.ACCESS_WIFI_STATE
ADDED from AndroidManifest.xml:10:5
	android:name
		ADDED from AndroidManifest.xml:10:22
uses-permission#android.permission.INTERNET
ADDED from AndroidManifest.xml:11:5
	android:name
		ADDED from AndroidManifest.xml:11:22
uses-permission#android.permission.ACCESS_NETWORK_STATE
ADDED from AndroidManifest.xml:12:5
	android:name
		ADDED from AndroidManifest.xml:12:22
uses-permission#android.permission.WRITE_EXTERNAL_STORAGE
ADDED from AndroidManifest.xml:13:5
	android:name
		ADDED from AndroidManifest.xml:13:22
uses-permission#android.permission.MOUNT_UNMOUNT_FILESYSTEMS
ADDED from AndroidManifest.xml:14:5
	android:name
		ADDED from AndroidManifest.xml:14:22
uses-permission#android.permission.CALL_PHONE
ADDED from AndroidManifest.xml:15:5
	android:name
		ADDED from AndroidManifest.xml:15:22
uses-permission#android.permission.GET_TASKS
ADDED from AndroidManifest.xml:17:2
	android:name
		ADDED from AndroidManifest.xml:17:19
permission#com.guozha.buy.permission.JPUSH_MESSAGE
ADDED from AndroidManifest.xml:21:5
	android:protectionLevel
		ADDED from AndroidManifest.xml:21:72
	android:name
		ADDED from AndroidManifest.xml:21:17
uses-permission#com.guozha.buy.permission.JPUSH_MESSAGE
ADDED from AndroidManifest.xml:23:5
	android:name
		ADDED from AndroidManifest.xml:23:22
uses-permission#android.permission.RECEIVE_USER_PRESENT
ADDED from AndroidManifest.xml:24:5
	android:name
		ADDED from AndroidManifest.xml:24:22
uses-permission#android.permission.WAKE_LOCK
ADDED from AndroidManifest.xml:25:5
	android:name
		ADDED from AndroidManifest.xml:25:22
uses-permission#android.permission.READ_EXTERNAL_STORAGE
ADDED from AndroidManifest.xml:26:5
	android:name
		ADDED from AndroidManifest.xml:26:22
uses-permission#android.permission.VIBRATE
ADDED from AndroidManifest.xml:27:5
	android:name
		ADDED from AndroidManifest.xml:27:22
uses-permission#android.permission.WRITE_SETTINGS
ADDED from AndroidManifest.xml:29:5
	android:name
		ADDED from AndroidManifest.xml:29:22
uses-permission#android.permission.ACCESS_COARSE_LOCATION
ADDED from AndroidManifest.xml:32:5
	android:name
		ADDED from AndroidManifest.xml:32:22
application
ADDED from AndroidManifest.xml:39:5
MERGED from com.android.support:support-v4:21.0.3:16:5
	android:label
		ADDED from AndroidManifest.xml:43:9
	android:allowBackup
		ADDED from AndroidManifest.xml:40:9
	android:icon
		ADDED from AndroidManifest.xml:42:9
	android:theme
		ADDED from AndroidManifest.xml:44:9
	android:name
		ADDED from AndroidManifest.xml:41:9
activity#com.guozha.buy.controller.SplashActivity
ADDED from AndroidManifest.xml:52:9
	android:screenOrientation
		ADDED from AndroidManifest.xml:55:13
	android:label
		ADDED from AndroidManifest.xml:54:13
	android:theme
		ADDED from AndroidManifest.xml:56:13
	android:name
		ADDED from AndroidManifest.xml:53:13
intent-filter#android.intent.action.MAIN+android.intent.category.LAUNCHER
ADDED from AndroidManifest.xml:57:13
action#android.intent.action.MAIN
ADDED from AndroidManifest.xml:58:17
	android:name
		ADDED from AndroidManifest.xml:58:25
category#android.intent.category.LAUNCHER
ADDED from AndroidManifest.xml:60:17
	android:name
		ADDED from AndroidManifest.xml:60:27
activity#com.guozha.buy.controller.MainActivity
ADDED from AndroidManifest.xml:65:9
	android:screenOrientation
		ADDED from AndroidManifest.xml:68:13
	android:label
		ADDED from AndroidManifest.xml:67:13
	android:name
		ADDED from AndroidManifest.xml:66:13
activity#com.guozha.buy.controller.market.ListVegetableActivity
ADDED from AndroidManifest.xml:73:9
	android:screenOrientation
		ADDED from AndroidManifest.xml:75:13
	android:name
		ADDED from AndroidManifest.xml:74:13
activity#com.guozha.buy.controller.LoginActivity
ADDED from AndroidManifest.xml:80:9
	android:screenOrientation
		ADDED from AndroidManifest.xml:82:13
	android:name
		ADDED from AndroidManifest.xml:81:13
activity#com.guozha.buy.controller.market.VegetableDetailActivity
ADDED from AndroidManifest.xml:87:9
	android:screenOrientation
		ADDED from AndroidManifest.xml:89:13
	android:name
		ADDED from AndroidManifest.xml:88:13
activity#com.guozha.buy.controller.SearchActivity
ADDED from AndroidManifest.xml:94:9
	android:screenOrientation
		ADDED from AndroidManifest.xml:96:13
	android:windowSoftInputMode
		ADDED from AndroidManifest.xml:98:13
	android:theme
		ADDED from AndroidManifest.xml:97:13
	android:name
		ADDED from AndroidManifest.xml:95:13
activity#com.guozha.buy.controller.SetWarnTimeActivity
ADDED from AndroidManifest.xml:103:9
	android:screenOrientation
		ADDED from AndroidManifest.xml:105:13
	android:name
		ADDED from AndroidManifest.xml:104:13
activity#com.guozha.buy.controller.found.MenuItemListActivity
ADDED from AndroidManifest.xml:108:9
	android:screenOrientation
		ADDED from AndroidManifest.xml:110:13
	android:name
		ADDED from AndroidManifest.xml:109:13
activity#com.guozha.buy.controller.found.FoundSubjectDetailActivity
ADDED from AndroidManifest.xml:113:9
	android:screenOrientation
		ADDED from AndroidManifest.xml:115:13
	android:name
		ADDED from AndroidManifest.xml:114:13
activity#com.guozha.buy.controller.found.MenuDetailActivity
ADDED from AndroidManifest.xml:117:9
	android:screenOrientation
		ADDED from AndroidManifest.xml:119:13
	android:name
		ADDED from AndroidManifest.xml:118:13
activity#com.guozha.buy.controller.mine.SettingActivity
ADDED from AndroidManifest.xml:122:9
	android:screenOrientation
		ADDED from AndroidManifest.xml:124:13
	android:name
		ADDED from AndroidManifest.xml:123:13
activity#com.guozha.buy.controller.mine.MyOrderActivity
ADDED from AndroidManifest.xml:127:9
	android:screenOrientation
		ADDED from AndroidManifest.xml:129:13
	android:name
		ADDED from AndroidManifest.xml:128:13
activity#com.guozha.buy.controller.mine.SharePraiseActivity
ADDED from AndroidManifest.xml:132:9
	android:screenOrientation
		ADDED from AndroidManifest.xml:134:13
	android:name
		ADDED from AndroidManifest.xml:133:13
activity#com.guozha.buy.controller.mine.MyCollectionActivity
ADDED from AndroidManifest.xml:137:9
	android:screenOrientation
		ADDED from AndroidManifest.xml:139:13
	android:name
		ADDED from AndroidManifest.xml:138:13
activity#com.guozha.buy.controller.mine.MyTicketActivity
ADDED from AndroidManifest.xml:142:9
	android:screenOrientation
		ADDED from AndroidManifest.xml:144:13
	android:name
		ADDED from AndroidManifest.xml:143:13
activity#com.guozha.buy.controller.mine.OrderPayedDetailActivity
ADDED from AndroidManifest.xml:147:9
	android:screenOrientation
		ADDED from AndroidManifest.xml:149:13
	android:name
		ADDED from AndroidManifest.xml:148:13
activity#com.guozha.buy.wxapi.WXPayEntryActivity
ADDED from AndroidManifest.xml:152:9
	android:launchMode
		ADDED from AndroidManifest.xml:155:13
	android:exported
		ADDED from AndroidManifest.xml:154:13
	android:name
		ADDED from AndroidManifest.xml:153:13
activity#com.guozha.buy.controller.mine.OrderUnPayDetailActivity
ADDED from AndroidManifest.xml:158:9
	android:screenOrientation
		ADDED from AndroidManifest.xml:160:13
	android:name
		ADDED from AndroidManifest.xml:159:13
activity#com.guozha.buy.controller.mine.OrderGradDetailActivity
ADDED from AndroidManifest.xml:163:9
	android:screenOrientation
		ADDED from AndroidManifest.xml:167:13
	android:windowSoftInputMode
		ADDED from AndroidManifest.xml:165:13
	android:configChanges
		ADDED from AndroidManifest.xml:166:13
	android:name
		ADDED from AndroidManifest.xml:164:13
activity#com.guozha.buy.controller.mine.ChooseCantonActivity
ADDED from AndroidManifest.xml:170:9
	android:screenOrientation
		ADDED from AndroidManifest.xml:172:13
	android:name
		ADDED from AndroidManifest.xml:171:13
activity#com.guozha.buy.controller.mine.MyAddressActivity
ADDED from AndroidManifest.xml:175:9
	android:screenOrientation
		ADDED from AndroidManifest.xml:177:13
	android:name
		ADDED from AndroidManifest.xml:176:13
activity#com.guozha.buy.controller.cart.PlanceOrderActivity
ADDED from AndroidManifest.xml:180:9
	android:screenOrientation
		ADDED from AndroidManifest.xml:184:13
	android:windowSoftInputMode
		ADDED from AndroidManifest.xml:182:13
	android:configChanges
		ADDED from AndroidManifest.xml:183:11
	android:name
		ADDED from AndroidManifest.xml:181:13
activity#com.guozha.buy.controller.DebugActivity
ADDED from AndroidManifest.xml:187:9
	android:screenOrientation
		ADDED from AndroidManifest.xml:190:13
	android:label
		ADDED from AndroidManifest.xml:189:13
	android:name
		ADDED from AndroidManifest.xml:188:13
activity#com.guozha.buy.controller.mine.AddAddressActivity
ADDED from AndroidManifest.xml:193:9
	android:screenOrientation
		ADDED from AndroidManifest.xml:195:13
	android:name
		ADDED from AndroidManifest.xml:194:13
activity#com.guozha.buy.controller.mine.FeadbackActivity
ADDED from AndroidManifest.xml:198:9
	android:screenOrientation
		ADDED from AndroidManifest.xml:200:13
	android:name
		ADDED from AndroidManifest.xml:199:13
activity#com.guozha.buy.controller.SearchResultActivity
ADDED from AndroidManifest.xml:203:9
	android:screenOrientation
		ADDED from AndroidManifest.xml:205:13
	android:name
		ADDED from AndroidManifest.xml:204:13
activity#com.guozha.buy.controller.mine.AnswerQuestionActivity
ADDED from AndroidManifest.xml:208:9
	android:screenOrientation
		ADDED from AndroidManifest.xml:210:13
	android:name
		ADDED from AndroidManifest.xml:209:13
activity#com.guozha.buy.controller.mine.AboutOurActivity
ADDED from AndroidManifest.xml:213:9
	android:screenOrientation
		ADDED from AndroidManifest.xml:215:13
	android:name
		ADDED from AndroidManifest.xml:214:13
activity#com.guozha.buy.controller.cart.PreSpecialPayActivity
ADDED from AndroidManifest.xml:218:9
	android:screenOrientation
		ADDED from AndroidManifest.xml:220:13
	android:name
		ADDED from AndroidManifest.xml:219:13
activity#com.guozha.buy.controller.cart.PayActivity
ADDED from AndroidManifest.xml:223:9
	android:screenOrientation
		ADDED from AndroidManifest.xml:225:13
	android:name
		ADDED from AndroidManifest.xml:224:13
activity#com.guozha.buy.controller.LicenceActivity
ADDED from AndroidManifest.xml:228:9
	android:screenOrientation
		ADDED from AndroidManifest.xml:230:13
	android:name
		ADDED from AndroidManifest.xml:229:13
activity#com.guozha.buy.controller.cart.ChooseTicketActivity
ADDED from AndroidManifest.xml:233:9
	android:screenOrientation
		ADDED from AndroidManifest.xml:235:13
	android:name
		ADDED from AndroidManifest.xml:234:13
activity#com.guozha.buy.controller.mine.MyInvateNumActivity
ADDED from AndroidManifest.xml:238:9
	android:screenOrientation
		ADDED from AndroidManifest.xml:240:13
	android:name
		ADDED from AndroidManifest.xml:239:13
activity#com.guozha.buy.controller.GuideActivity
ADDED from AndroidManifest.xml:243:9
	android:screenOrientation
		ADDED from AndroidManifest.xml:245:13
	android:theme
		ADDED from AndroidManifest.xml:246:13
	android:name
		ADDED from AndroidManifest.xml:244:13
activity#com.guozha.buy.controller.mine.UpdateActivity
ADDED from AndroidManifest.xml:249:9
	android:screenOrientation
		ADDED from AndroidManifest.xml:251:13
	android:name
		ADDED from AndroidManifest.xml:250:13
activity#com.guozha.buy.controller.mine.ChooseDetailActivity
ADDED from AndroidManifest.xml:254:9
	android:screenOrientation
		ADDED from AndroidManifest.xml:256:13
	android:name
		ADDED from AndroidManifest.xml:255:13
activity#com.guozha.buy.controller.cart.ChooseCartAddressActivity
ADDED from AndroidManifest.xml:259:9
	android:screenOrientation
		ADDED from AndroidManifest.xml:261:13
	android:name
		ADDED from AndroidManifest.xml:260:13
activity#com.guozha.buy.controller.dialog.WeightSelectDialog
ADDED from AndroidManifest.xml:265:9
	android:screenOrientation
		ADDED from AndroidManifest.xml:268:13
	android:theme
		ADDED from AndroidManifest.xml:267:13
	android:name
		ADDED from AndroidManifest.xml:266:13
activity#com.guozha.buy.controller.dialog.RemindLoginDialog
ADDED from AndroidManifest.xml:273:9
	android:screenOrientation
		ADDED from AndroidManifest.xml:276:13
	android:theme
		ADDED from AndroidManifest.xml:275:13
	android:name
		ADDED from AndroidManifest.xml:274:13
activity#com.guozha.buy.controller.dialog.CollectionRecipeModifyDialog
ADDED from AndroidManifest.xml:279:9
	android:screenOrientation
		ADDED from AndroidManifest.xml:282:13
	android:theme
		ADDED from AndroidManifest.xml:281:13
	android:name
		ADDED from AndroidManifest.xml:280:13
activity#com.guozha.buy.controller.dialog.CreateFolderDialog
ADDED from AndroidManifest.xml:285:9
	android:screenOrientation
		ADDED from AndroidManifest.xml:288:13
	android:windowSoftInputMode
		ADDED from AndroidManifest.xml:289:13
	android:theme
		ADDED from AndroidManifest.xml:287:13
	android:name
		ADDED from AndroidManifest.xml:286:13
activity#com.guozha.buy.controller.dialog.ChooseAddressDialog
ADDED from AndroidManifest.xml:292:9
	android:screenOrientation
		ADDED from AndroidManifest.xml:295:13
	android:theme
		ADDED from AndroidManifest.xml:294:13
	android:name
		ADDED from AndroidManifest.xml:293:13
activity#com.guozha.buy.controller.dialog.AddCartAnimDialog
ADDED from AndroidManifest.xml:298:9
	android:screenOrientation
		ADDED from AndroidManifest.xml:301:13
	android:theme
		ADDED from AndroidManifest.xml:300:13
	android:name
		ADDED from AndroidManifest.xml:299:13
activity#com.guozha.buy.controller.dialog.ActiveRuleActivity
ADDED from AndroidManifest.xml:304:9
	android:screenOrientation
		ADDED from AndroidManifest.xml:307:13
	android:theme
		ADDED from AndroidManifest.xml:306:13
	android:name
		ADDED from AndroidManifest.xml:305:13
receiver#com.guozha.buy.alarm.AlarmReceiver
ADDED from AndroidManifest.xml:309:9
	android:process
		ADDED from AndroidManifest.xml:309:55
	android:name
		ADDED from AndroidManifest.xml:309:19
activity#com.umeng.socialize.view.ShareActivity
ADDED from AndroidManifest.xml:316:9
	android:launchMode
		ADDED from AndroidManifest.xml:319:13
	android:noHistory
		ADDED from AndroidManifest.xml:320:13
	android:windowSoftInputMode
		ADDED from AndroidManifest.xml:322:13
	android:configChanges
		ADDED from AndroidManifest.xml:318:13
	android:theme
		ADDED from AndroidManifest.xml:321:13
	android:name
		ADDED from AndroidManifest.xml:317:13
activity#com.tencent.tauth.AuthActivity
ADDED from AndroidManifest.xml:326:9
	android:launchMode
		ADDED from AndroidManifest.xml:328:13
	android:noHistory
		ADDED from AndroidManifest.xml:329:13
	android:name
		ADDED from AndroidManifest.xml:327:13
intent-filter#android.intent.action.VIEW+android.intent.category.BROWSABLE+android.intent.category.DEFAULT
ADDED from AndroidManifest.xml:330:13
action#android.intent.action.VIEW
ADDED from AndroidManifest.xml:331:17
	android:name
		ADDED from AndroidManifest.xml:331:25
category#android.intent.category.DEFAULT
ADDED from AndroidManifest.xml:333:17
	android:name
		ADDED from AndroidManifest.xml:333:27
category#android.intent.category.BROWSABLE
ADDED from AndroidManifest.xml:334:17
	android:name
		ADDED from AndroidManifest.xml:334:27
data
ADDED from AndroidManifest.xml:336:17
	android:scheme
		ADDED from AndroidManifest.xml:336:23
activity#com.tencent.connect.common.AssistActivity
ADDED from AndroidManifest.xml:340:9
	android:screenOrientation
		ADDED from AndroidManifest.xml:342:13
	android:theme
		ADDED from AndroidManifest.xml:341:13
	android:name
		ADDED from AndroidManifest.xml:340:19
activity#com.guozha.buy.wxapi.WXEntryActivity
ADDED from AndroidManifest.xml:346:9
	android:screenOrientation
		ADDED from AndroidManifest.xml:350:13
	android:exported
		ADDED from AndroidManifest.xml:349:13
	android:configChanges
		ADDED from AndroidManifest.xml:348:13
	android:theme
		ADDED from AndroidManifest.xml:351:13
	android:name
		ADDED from AndroidManifest.xml:347:13
service#com.umeng.update.net.DownloadingService
ADDED from AndroidManifest.xml:357:9
	android:process
		ADDED from AndroidManifest.xml:359:7
	android:name
		ADDED from AndroidManifest.xml:358:7
activity#com.umeng.update.UpdateDialogActivity
ADDED from AndroidManifest.xml:362:3
	android:theme
		ADDED from AndroidManifest.xml:364:7
	android:name
		ADDED from AndroidManifest.xml:363:7
meta-data#UMENG_APPKEY
ADDED from AndroidManifest.xml:372:9
	android:value
		ADDED from AndroidManifest.xml:372:20
	android:name
		ADDED from AndroidManifest.xml:372:61
meta-data#UMENG_CHANNEL
ADDED from AndroidManifest.xml:373:3
	android:value
		ADDED from AndroidManifest.xml:373:14
	android:name
		ADDED from AndroidManifest.xml:373:41
service#cn.jpush.android.service.PushService
ADDED from AndroidManifest.xml:380:9
	android:enabled
		ADDED from AndroidManifest.xml:382:13
	android:exported
		ADDED from AndroidManifest.xml:383:13
	android:name
		ADDED from AndroidManifest.xml:381:13
intent-filter#cn.jpush.android.intent.PUSH_TIME+cn.jpush.android.intent.PushService+cn.jpush.android.intent.REGISTER+cn.jpush.android.intent.REPORT
ADDED from AndroidManifest.xml:384:13
action#cn.jpush.android.intent.REGISTER
ADDED from AndroidManifest.xml:385:17
	android:name
		ADDED from AndroidManifest.xml:385:25
action#cn.jpush.android.intent.REPORT
ADDED from AndroidManifest.xml:386:17
	android:name
		ADDED from AndroidManifest.xml:386:25
action#cn.jpush.android.intent.PushService
ADDED from AndroidManifest.xml:387:17
	android:name
		ADDED from AndroidManifest.xml:387:25
action#cn.jpush.android.intent.PUSH_TIME
ADDED from AndroidManifest.xml:388:17
	android:name
		ADDED from AndroidManifest.xml:388:25
receiver#cn.jpush.android.service.PushReceiver
ADDED from AndroidManifest.xml:393:9
	android:enabled
		ADDED from AndroidManifest.xml:395:13
	android:name
		ADDED from AndroidManifest.xml:394:13
intent-filter#cn.jpush.android.intent.NOTIFICATION_RECEIVED_PROXY+com.guozha.buy
ADDED from AndroidManifest.xml:396:11
	android:priority
		ADDED from AndroidManifest.xml:396:26
action#cn.jpush.android.intent.NOTIFICATION_RECEIVED_PROXY
ADDED from AndroidManifest.xml:397:17
	android:name
		ADDED from AndroidManifest.xml:397:25
category#com.guozha.buy
ADDED from AndroidManifest.xml:398:17
	android:name
		ADDED from AndroidManifest.xml:398:27
intent-filter#android.intent.action.USER_PRESENT+android.net.conn.CONNECTIVITY_CHANGE
ADDED from AndroidManifest.xml:400:13
action#android.intent.action.USER_PRESENT
ADDED from AndroidManifest.xml:401:17
	android:name
		ADDED from AndroidManifest.xml:401:25
action#android.net.conn.CONNECTIVITY_CHANGE
ADDED from AndroidManifest.xml:402:17
	android:name
		ADDED from AndroidManifest.xml:402:25
intent-filter#android.intent.action.PACKAGE_ADDED+android.intent.action.PACKAGE_REMOVED
ADDED from AndroidManifest.xml:404:13
action#android.intent.action.PACKAGE_ADDED
ADDED from AndroidManifest.xml:405:17
	android:name
		ADDED from AndroidManifest.xml:405:25
action#android.intent.action.PACKAGE_REMOVED
ADDED from AndroidManifest.xml:406:17
	android:name
		ADDED from AndroidManifest.xml:406:25
activity#cn.jpush.android.ui.PushActivity
ADDED from AndroidManifest.xml:412:9
	android:configChanges
		ADDED from AndroidManifest.xml:415:13
	android:theme
		ADDED from AndroidManifest.xml:414:13
	android:name
		ADDED from AndroidManifest.xml:413:13
intent-filter#android.intent.category.DEFAULT+cn.jpush.android.ui.PushActivity+com.guozha.buy
ADDED from AndroidManifest.xml:416:13
action#cn.jpush.android.ui.PushActivity
ADDED from AndroidManifest.xml:417:17
	android:name
		ADDED from AndroidManifest.xml:417:25
service#cn.jpush.android.service.DownloadService
ADDED from AndroidManifest.xml:424:9
	android:enabled
		ADDED from AndroidManifest.xml:426:13
	android:exported
		ADDED from AndroidManifest.xml:427:13
	android:name
		ADDED from AndroidManifest.xml:425:13
receiver#cn.jpush.android.service.AlarmReceiver
ADDED from AndroidManifest.xml:431:9
	android:name
		ADDED from AndroidManifest.xml:431:19
receiver#com.guozha.buy.receiver.JPushMessageReceiver
ADDED from AndroidManifest.xml:434:9
	android:enabled
		ADDED from AndroidManifest.xml:436:13
	android:name
		ADDED from AndroidManifest.xml:435:13
intent-filter#cn.jpush.android.intent.MESSAGE_RECEIVED+cn.jpush.android.intent.NOTIFICATION_OPENED+cn.jpush.android.intent.NOTIFICATION_RECEIVED+cn.jpush.android.intent.REGISTRATION+com.guozha.buy
ADDED from AndroidManifest.xml:437:5
action#cn.jpush.android.intent.REGISTRATION
ADDED from AndroidManifest.xml:438:11
	android:name
		ADDED from AndroidManifest.xml:438:19
action#cn.jpush.android.intent.MESSAGE_RECEIVED
ADDED from AndroidManifest.xml:439:11
	android:name
		ADDED from AndroidManifest.xml:439:19
action#cn.jpush.android.intent.NOTIFICATION_RECEIVED
ADDED from AndroidManifest.xml:440:11
	android:name
		ADDED from AndroidManifest.xml:440:19
action#cn.jpush.android.intent.NOTIFICATION_OPENED
ADDED from AndroidManifest.xml:441:11
	android:name
		ADDED from AndroidManifest.xml:441:19
meta-data#JPUSH_CHANNEL
ADDED from AndroidManifest.xml:452:9
	android:value
		ADDED from AndroidManifest.xml:452:49
	android:name
		ADDED from AndroidManifest.xml:452:20
meta-data#JPUSH_APPKEY
ADDED from AndroidManifest.xml:455:9
	android:value
		ADDED from AndroidManifest.xml:455:48
	android:name
		ADDED from AndroidManifest.xml:455:20
activity#com.alipay.sdk.app.H5PayActivity
ADDED from AndroidManifest.xml:460:9
	android:screenOrientation
		ADDED from AndroidManifest.xml:464:13
	android:exported
		ADDED from AndroidManifest.xml:463:13
	android:configChanges
		ADDED from AndroidManifest.xml:462:13
	android:name
		ADDED from AndroidManifest.xml:461:13
activity#com.alipay.sdk.auth.AuthActivity
ADDED from AndroidManifest.xml:466:9
	android:screenOrientation
		ADDED from AndroidManifest.xml:470:13
	android:exported
		ADDED from AndroidManifest.xml:469:13
	android:configChanges
		ADDED from AndroidManifest.xml:468:13
	android:name
		ADDED from AndroidManifest.xml:467:13